e:\work_layne\layne\git_hub_code\btstack_demo\btstack_demo\debug\btstack_demo.pch
e:\work_layne\layne\git_hub_code\btstack_demo\btstack_demo\debug\vc141.pdb
e:\work_layne\layne\git_hub_code\btstack_demo\btstack_demo\debug\vc141.idb
e:\work_layne\layne\git_hub_code\btstack_demo\btstack_demo\debug\stdafx.obj
e:\work_layne\layne\git_hub_code\btstack_demo\btstack_demo\debug\sbc_enc_bit_alloc_ste.obj
e:\work_layne\layne\git_hub_code\btstack_demo\btstack_demo\debug\sbc_enc_bit_alloc_mono.obj
e:\work_layne\layne\git_hub_code\btstack_demo\btstack_demo\debug\sbc_encoder.obj
e:\work_layne\layne\git_hub_code\btstack_demo\btstack_demo\debug\sbc_dct_coeffs.obj
e:\work_layne\layne\git_hub_code\btstack_demo\btstack_demo\debug\sbc_dct.obj
e:\work_layne\layne\git_hub_code\btstack_demo\btstack_demo\debug\sbc_analysis.obj
e:\work_layne\layne\git_hub_code\btstack_demo\btstack_demo\debug\synthesis-sbc.obj
e:\work_layne\layne\git_hub_code\btstack_demo\btstack_demo\debug\synthesis-dct8.obj
e:\work_layne\layne\git_hub_code\btstack_demo\btstack_demo\debug\synthesis-8-generated.obj
e:\work_layne\layne\git_hub_code\btstack_demo\btstack_demo\debug\oi_codec_version.obj
e:\work_layne\layne\git_hub_code\btstack_demo\btstack_demo\debug\framing.obj
e:\work_layne\layne\git_hub_code\btstack_demo\btstack_demo\debug\framing-sbc.obj
e:\work_layne\layne\git_hub_code\btstack_demo\btstack_demo\debug\dequant.obj
e:\work_layne\layne\git_hub_code\btstack_demo\btstack_demo\debug\decoder-sbc.obj
e:\work_layne\layne\git_hub_code\btstack_demo\btstack_demo\debug\decoder-private.obj
e:\work_layne\layne\git_hub_code\btstack_demo\btstack_demo\debug\decoder-oina.obj
e:\work_layne\layne\git_hub_code\btstack_demo\btstack_demo\debug\bitstream-decode.obj
e:\work_layne\layne\git_hub_code\btstack_demo\btstack_demo\debug\bitalloc.obj
e:\work_layne\layne\git_hub_code\btstack_demo\btstack_demo\debug\bitalloc-sbc.obj
e:\work_layne\layne\git_hub_code\btstack_demo\btstack_demo\debug\alloc.obj
e:\work_layne\layne\git_hub_code\btstack_demo\btstack_demo\debug\spp_streamer.obj
e:\work_layne\layne\git_hub_code\btstack_demo\btstack_demo\debug\sco_demo_util.obj
e:\work_layne\layne\git_hub_code\btstack_demo\btstack_demo\debug\le_streamer_client.obj
e:\work_layne\layne\git_hub_code\btstack_demo\btstack_demo\debug\le_streamer.obj
e:\work_layne\layne\git_hub_code\btstack_demo\btstack_demo\debug\hfp_hf_demo.obj
e:\work_layne\layne\git_hub_code\btstack_demo\btstack_demo\debug\app.obj
e:\work_layne\layne\git_hub_code\btstack_demo\btstack_demo\debug\a2dp_sink_demo.obj
e:\work_layne\layne\git_hub_code\btstack_demo\btstack_demo\debug\yxml.obj
e:\work_layne\layne\git_hub_code\btstack_demo\btstack_demo\debug\segger_rtt_syscalls_ses.obj
e:\work_layne\layne\git_hub_code\btstack_demo\btstack_demo\debug\segger_rtt_syscalls_keil.obj
e:\work_layne\layne\git_hub_code\btstack_demo\btstack_demo\debug\segger_rtt_syscalls_iar.obj
e:\work_layne\layne\git_hub_code\btstack_demo\btstack_demo\debug\segger_rtt_syscalls_gcc.obj
e:\work_layne\layne\git_hub_code\btstack_demo\btstack_demo\debug\segger_rtt_printf.obj
e:\work_layne\layne\git_hub_code\btstack_demo\btstack_demo\debug\segger_rtt.obj
e:\work_layne\layne\git_hub_code\btstack_demo\btstack_demo\debug\uecc.obj
e:\work_layne\layne\git_hub_code\btstack_demo\btstack_demo\debug\md5.obj
e:\work_layne\layne\git_hub_code\btstack_demo\btstack_demo\debug\nao-deceased_by_disease.obj
e:\work_layne\layne\git_hub_code\btstack_demo\btstack_demo\debug\hxcmod.obj
e:\work_layne\layne\git_hub_code\btstack_demo\btstack_demo\debug\sbc_packing.obj
e:\work_layne\layne\git_hub_code\btstack_demo\btstack_demo\debug\sbc_enc_coeffs.obj
e:\work_layne\layne\git_hub_code\btstack_demo\btstack_demo\debug\heart_rate_service_server.obj
e:\work_layne\layne\git_hub_code\btstack_demo\btstack_demo\debug\device_information_service_server.obj
e:\work_layne\layne\git_hub_code\btstack_demo\btstack_demo\debug\cycling_speed_and_cadence_service_server.obj
e:\work_layne\layne\git_hub_code\btstack_demo\btstack_demo\debug\cycling_power_service_server.obj
e:\work_layne\layne\git_hub_code\btstack_demo\btstack_demo\debug\battery_service_server.obj
e:\work_layne\layne\git_hub_code\btstack_demo\btstack_demo\debug\att_server.obj
e:\work_layne\layne\git_hub_code\btstack_demo\btstack_demo\debug\att_dispatch.obj
e:\work_layne\layne\git_hub_code\btstack_demo\btstack_demo\debug\att_db_util.obj
e:\work_layne\layne\git_hub_code\btstack_demo\btstack_demo\debug\att_db.obj
e:\work_layne\layne\git_hub_code\btstack_demo\btstack_demo\debug\ancs_client.obj
e:\work_layne\layne\git_hub_code\btstack_demo\btstack_demo\debug\ad_parser.obj
e:\work_layne\layne\git_hub_code\btstack_demo\btstack_demo\debug\main.obj
e:\work_layne\layne\git_hub_code\btstack_demo\btstack_demo\debug\hci_transport_h2_winusb.obj
e:\work_layne\layne\git_hub_code\btstack_demo\btstack_demo\debug\btstack_uart_block_windows.obj
e:\work_layne\layne\git_hub_code\btstack_demo\btstack_demo\debug\btstack_stdin_windows.obj
e:\work_layne\layne\git_hub_code\btstack_demo\btstack_demo\debug\btstack_run_loop_windows.obj
e:\work_layne\layne\git_hub_code\btstack_demo\btstack_demo\debug\wav_util.obj
e:\work_layne\layne\git_hub_code\btstack_demo\btstack_demo\debug\btstack_link_key_db_fs.obj
e:\work_layne\layne\git_hub_code\btstack_demo\btstack_demo\debug\btstack_audio_portaudio.obj
e:\work_layne\layne\git_hub_code\btstack_demo\btstack_demo\debug\btstack_chipset_intel_firmware.obj
e:\work_layne\layne\git_hub_code\btstack_demo\btstack_demo\debug\btstack_util.obj
e:\work_layne\layne\git_hub_code\btstack_demo\btstack_demo\debug\btstack_tlv.obj
e:\work_layne\layne\git_hub_code\btstack_demo\btstack_demo\debug\btstack_slip.obj
e:\work_layne\layne\git_hub_code\btstack_demo\btstack_demo\debug\btstack_run_loop.obj
e:\work_layne\layne\git_hub_code\btstack_demo\btstack_demo\debug\btstack_ring_buffer.obj
e:\work_layne\layne\git_hub_code\btstack_demo\btstack_demo\debug\btstack_resample.obj
e:\work_layne\layne\git_hub_code\btstack_demo\btstack_demo\debug\btstack_memory_pool.obj
e:\work_layne\layne\git_hub_code\btstack_demo\btstack_demo\debug\btstack_memory.obj
e:\work_layne\layne\git_hub_code\btstack_demo\btstack_demo\debug\btstack_linked_list.obj
e:\work_layne\layne\git_hub_code\btstack_demo\btstack_demo\debug\btstack_hid_parser.obj
e:\work_layne\layne\git_hub_code\btstack_demo\btstack_demo\debug\btstack_crypto.obj
e:\work_layne\layne\git_hub_code\btstack_demo\btstack_demo\debug\btstack_base64_decoder.obj
e:\work_layne\layne\git_hub_code\btstack_demo\btstack_demo\debug\btstack_audio.obj
e:\work_layne\layne\git_hub_code\btstack_demo\btstack_demo\debug\sm.obj
e:\work_layne\layne\git_hub_code\btstack_demo\btstack_demo\debug\le_device_db_tlv.obj
e:\work_layne\layne\git_hub_code\btstack_demo\btstack_demo\debug\le_device_db_memory.obj
e:\work_layne\layne\git_hub_code\btstack_demo\btstack_demo\debug\gatt_client.obj
e:\work_layne\layne\git_hub_code\btstack_demo\btstack_demo\debug\ublox_spp_service_server.obj
e:\work_layne\layne\git_hub_code\btstack_demo\btstack_demo\debug\nordic_spp_service_server.obj
e:\work_layne\layne\git_hub_code\btstack_demo\btstack_demo\debug\hids_device.obj
e:\work_layne\layne\git_hub_code\btstack_demo\btstack_demo\debug\btstack_sbc_decoder_bluedroid.obj
e:\work_layne\layne\git_hub_code\btstack_demo\btstack_demo\debug\btstack_link_key_db_tlv.obj
e:\work_layne\layne\git_hub_code\btstack_demo\btstack_demo\debug\btstack_link_key_db_static.obj
e:\work_layne\layne\git_hub_code\btstack_demo\btstack_demo\debug\btstack_link_key_db_memory.obj
e:\work_layne\layne\git_hub_code\btstack_demo\btstack_demo\debug\btstack_cvsd_plc.obj
e:\work_layne\layne\git_hub_code\btstack_demo\btstack_demo\debug\bnep.obj
e:\work_layne\layne\git_hub_code\btstack_demo\btstack_demo\debug\avrcp_target.obj
e:\work_layne\layne\git_hub_code\btstack_demo\btstack_demo\debug\avrcp_media_item_iterator.obj
e:\work_layne\layne\git_hub_code\btstack_demo\btstack_demo\debug\avrcp_controller.obj
e:\work_layne\layne\git_hub_code\btstack_demo\btstack_demo\debug\avrcp_browsing_target.obj
e:\work_layne\layne\git_hub_code\btstack_demo\btstack_demo\debug\avrcp_browsing_controller.obj
e:\work_layne\layne\git_hub_code\btstack_demo\btstack_demo\debug\avrcp.obj
e:\work_layne\layne\git_hub_code\btstack_demo\btstack_demo\debug\avdtp_util.obj
e:\work_layne\layne\git_hub_code\btstack_demo\btstack_demo\debug\avdtp_source.obj
e:\work_layne\layne\git_hub_code\btstack_demo\btstack_demo\debug\avdtp_sink.obj
e:\work_layne\layne\git_hub_code\btstack_demo\btstack_demo\debug\avdtp_initiator.obj
e:\work_layne\layne\git_hub_code\btstack_demo\btstack_demo\debug\avdtp_acceptor.obj
e:\work_layne\layne\git_hub_code\btstack_demo\btstack_demo\debug\avdtp.obj
e:\work_layne\layne\git_hub_code\btstack_demo\btstack_demo\debug\a2dp_source.obj
e:\work_layne\layne\git_hub_code\btstack_demo\btstack_demo\debug\a2dp_sink.obj
e:\work_layne\layne\git_hub_code\btstack_demo\btstack_demo\debug\sdp_server.obj
e:\work_layne\layne\git_hub_code\btstack_demo\btstack_demo\debug\sdp_client_rfcomm.obj
e:\work_layne\layne\git_hub_code\btstack_demo\btstack_demo\debug\sdp_client.obj
e:\work_layne\layne\git_hub_code\btstack_demo\btstack_demo\debug\rfcomm.obj
e:\work_layne\layne\git_hub_code\btstack_demo\btstack_demo\debug\pbap_client.obj
e:\work_layne\layne\git_hub_code\btstack_demo\btstack_demo\debug\pan.obj
e:\work_layne\layne\git_hub_code\btstack_demo\btstack_demo\debug\obex_message_builder.obj
e:\work_layne\layne\git_hub_code\btstack_demo\btstack_demo\debug\obex_iterator.obj
e:\work_layne\layne\git_hub_code\btstack_demo\btstack_demo\debug\hsp_hs.obj
e:\work_layne\layne\git_hub_code\btstack_demo\btstack_demo\debug\hsp_ag.obj
e:\work_layne\layne\git_hub_code\btstack_demo\btstack_demo\debug\hid_device.obj
e:\work_layne\layne\git_hub_code\btstack_demo\btstack_demo\debug\hfp_msbc.obj
e:\work_layne\layne\git_hub_code\btstack_demo\btstack_demo\debug\hfp_hf.obj
e:\work_layne\layne\git_hub_code\btstack_demo\btstack_demo\debug\hfp_gsm_model.obj
e:\work_layne\layne\git_hub_code\btstack_demo\btstack_demo\debug\hfp_ag.obj
e:\work_layne\layne\git_hub_code\btstack_demo\btstack_demo\debug\hfp.obj
e:\work_layne\layne\git_hub_code\btstack_demo\btstack_demo\debug\goep_client.obj
e:\work_layne\layne\git_hub_code\btstack_demo\btstack_demo\debug\device_id_server.obj
e:\work_layne\layne\git_hub_code\btstack_demo\btstack_demo\debug\btstack_sbc_plc.obj
e:\work_layne\layne\git_hub_code\btstack_demo\btstack_demo\debug\btstack_sbc_encoder_bluedroid.obj
e:\work_layne\layne\git_hub_code\btstack_demo\btstack_demo\debug\l2cap_signaling.obj
e:\work_layne\layne\git_hub_code\btstack_demo\btstack_demo\debug\l2cap.obj
e:\work_layne\layne\git_hub_code\btstack_demo\btstack_demo\debug\hci_transport_h5.obj
e:\work_layne\layne\git_hub_code\btstack_demo\btstack_demo\debug\hci_transport_h4.obj
e:\work_layne\layne\git_hub_code\btstack_demo\btstack_demo\debug\hci_transport_em9304_spi.obj
e:\work_layne\layne\git_hub_code\btstack_demo\btstack_demo\debug\hci_dump.obj
e:\work_layne\layne\git_hub_code\btstack_demo\btstack_demo\debug\hci_cmd.obj
e:\work_layne\layne\git_hub_code\btstack_demo\btstack_demo\debug\hci.obj
e:\work_layne\layne\git_hub_code\btstack_demo\btstack_demo\debug\spp_server.obj
e:\work_layne\layne\git_hub_code\btstack_demo\btstack_demo\debug\sdp_util.obj
e:\work_layne\layne\git_hub_code\btstack_demo\btstack_demo\debug\propsheet.obj
e:\work_layne\layne\git_hub_code\btstack_demo\btstack_demo\debug\btstack_demodlg.obj
e:\work_layne\layne\git_hub_code\btstack_demo\btstack_demo\debug\btstack_demo.obj
e:\work_layne\layne\git_hub_code\btstack_demo\debug\btstack_demo.ilk
e:\work_layne\layne\git_hub_code\btstack_demo\debug\btstack_demo.exe
e:\work_layne\layne\git_hub_code\btstack_demo\debug\btstack_demo.pdb
e:\work_layne\layne\git_hub_code\btstack_demo\btstack_demo\debug\btstackdemo.res
e:\work_layne\layne\git_hub_code\btstack_demo\btstack_demo\debug\btstack_demo.tlog\cl.command.1.tlog
e:\work_layne\layne\git_hub_code\btstack_demo\btstack_demo\debug\btstack_demo.tlog\cl.read.1.tlog
e:\work_layne\layne\git_hub_code\btstack_demo\btstack_demo\debug\btstack_demo.tlog\cl.write.1.tlog
e:\work_layne\layne\git_hub_code\btstack_demo\btstack_demo\debug\btstack_demo.tlog\link.command.1.tlog
e:\work_layne\layne\git_hub_code\btstack_demo\btstack_demo\debug\btstack_demo.tlog\link.read.1.tlog
e:\work_layne\layne\git_hub_code\btstack_demo\btstack_demo\debug\btstack_demo.tlog\link.write.1.tlog
e:\work_layne\layne\git_hub_code\btstack_demo\btstack_demo\debug\btstack_demo.tlog\rc.command.1.tlog
e:\work_layne\layne\git_hub_code\btstack_demo\btstack_demo\debug\btstack_demo.tlog\rc.read.1.tlog
e:\work_layne\layne\git_hub_code\btstack_demo\btstack_demo\debug\btstack_demo.tlog\rc.write.1.tlog
